TN:
SF:/Users/gabigiladov/Final-Project/final project git-client/node_modules/angular2-template-loader/index.js!/Users/gabigiladov/Final-Project/final project git-client/node_modules/tslint-loader/index.js!/Users/gabigiladov/Final-Project/final project git-client/src/test.ts
FN:15,(anonymous_1)
FN:23,(anonymous_2)
FN:30,(anonymous_3)
FN:32,(anonymous_4)
FNF:4
FNH:4
FNDA:1,(anonymous_1)
FNDA:1,(anonymous_2)
FNDA:1,(anonymous_3)
FNDA:1,(anonymous_4)
DA:1,1
DA:3,1
DA:4,1
DA:5,1
DA:6,1
DA:7,1
DA:8,1
DA:15,1
DA:18,1
DA:24,1
DA:30,1
DA:32,1
LF:12
LH:12
BRF:0
BRH:0
end_of_record
TN:
SF:/Users/gabigiladov/Final-Project/final project git-client/node_modules/angular2-template-loader/index.js!/Users/gabigiladov/Final-Project/final project git-client/node_modules/tslint-loader/index.js!/Users/gabigiladov/Final-Project/final project git-client/src/polyfills.ts
FNF:0
FNH:0
DA:3,1
DA:4,1
DA:5,1
DA:6,1
DA:7,1
DA:8,1
DA:9,1
DA:10,1
DA:11,1
DA:12,1
DA:13,1
DA:14,1
DA:15,1
DA:16,1
DA:18,1
DA:19,1
LF:16
LH:16
BRF:0
BRH:0
end_of_record
TN:
SF:/Users/gabigiladov/Final-Project/final project git-client/node_modules/angular2-template-loader/index.js!/Users/gabigiladov/Final-Project/final project git-client/node_modules/tslint-loader/index.js!/Users/gabigiladov/Final-Project/final project git-client/src/app/aceTry.ts
FN:18,(anonymous_3)
FN:27,(anonymous_5)
FN:31,(anonymous_6)
FN:35,(anonymous_7)
FN:39,(anonymous_8)
FNF:5
FNH:5
FNDA:2,(anonymous_3)
FNDA:1,(anonymous_5)
FNDA:1,(anonymous_6)
FNDA:1,(anonymous_7)
FNDA:1,(anonymous_8)
DA:1,1
DA:4,1
DA:18,2
DA:19,1
DA:20,1
DA:21,1
DA:22,1
DA:24,1
DA:25,1
DA:27,1
DA:28,1
DA:31,1
DA:32,1
DA:35,1
DA:36,1
DA:39,1
DA:40,1
DA:41,1
DA:43,1
LF:19
LH:19
BRF:0
BRH:0
end_of_record
TN:
SF:/Users/gabigiladov/Final-Project/final project git-client/node_modules/angular2-template-loader/index.js!/Users/gabigiladov/Final-Project/final project git-client/node_modules/tslint-loader/index.js!/Users/gabigiladov/Final-Project/final project git-client/src/app/app.component.ts
FN:14,(anonymous_3)
FN:25,AppComponent
FN:29,(anonymous_5)
FN:33,(anonymous_6)
FN:37,(anonymous_7)
FN:39,(anonymous_8)
FN:46,(anonymous_9)
FNF:7
FNH:3
FNDA:1,(anonymous_3)
FNDA:1,AppComponent
FNDA:0,(anonymous_5)
FNDA:1,(anonymous_6)
FNDA:0,(anonymous_7)
FNDA:0,(anonymous_8)
FNDA:0,(anonymous_9)
DA:1,1
DA:2,1
DA:4,1
DA:7,1
DA:14,1
DA:15,1
DA:17,1
DA:18,1
DA:19,1
DA:20,1
DA:21,1
DA:25,1
DA:29,1
DA:30,0
DA:33,1
DA:34,1
DA:37,1
DA:38,0
DA:41,0
DA:46,1
DA:47,0
DA:48,0
DA:49,0
DA:50,0
DA:53,0
DA:54,0
DA:57,1
LF:27
LH:18
BRDA:48,1,0,0
BRDA:48,1,1,0
BRF:2
BRH:0
end_of_record
TN:
SF:/Users/gabigiladov/Final-Project/final project git-client/node_modules/angular2-template-loader/index.js!/Users/gabigiladov/Final-Project/final project git-client/node_modules/tslint-loader/index.js!/Users/gabigiladov/Final-Project/final project git-client/src/app/stage.ts
FN:1,(anonymous_1)
FN:15,stage
FNF:2
FNH:2
FNDA:1,(anonymous_1)
FNDA:1,stage
DA:1,1
DA:15,1
DA:16,1
DA:17,1
DA:20,1
DA:24,1
DA:27,1
DA:32,1
LF:8
LH:8
BRF:0
BRH:0
end_of_record
TN:
SF:/Users/gabigiladov/Final-Project/final project git-client/node_modules/angular2-template-loader/index.js!/Users/gabigiladov/Final-Project/final project git-client/node_modules/tslint-loader/index.js!/Users/gabigiladov/Final-Project/final project git-client/src/app/app.component.service.ts
FN:17,(anonymous_3)
FN:21,StagePageService
FN:26,(anonymous_5)
FN:28,(anonymous_6)
FNF:4
FNH:2
FNDA:1,(anonymous_3)
FNDA:1,StagePageService
FNDA:0,(anonymous_5)
FNDA:0,(anonymous_6)
DA:2,1
DA:3,1
DA:4,1
DA:7,1
DA:8,1
DA:9,1
DA:10,1
DA:11,1
DA:12,1
DA:13,1
DA:16,1
DA:17,1
DA:18,1
DA:21,1
DA:22,1
DA:26,1
DA:27,0
DA:28,0
DA:32,1
LF:19
LH:17
BRF:0
BRH:0
end_of_record
TN:
SF:/Users/gabigiladov/Final-Project/final project git-client/node_modules/angular2-template-loader/index.js!/Users/gabigiladov/Final-Project/final project git-client/node_modules/tslint-loader/index.js!/Users/gabigiladov/Final-Project/final project git-client/src/app/configuration.ts
FN:1,(anonymous_1)
FN:4,Configuration
FNF:2
FNH:2
FNDA:1,(anonymous_1)
FNDA:4,Configuration
DA:1,1
DA:4,1
DA:6,4
DA:8,1
LF:4
LH:4
BRF:0
BRH:0
end_of_record
TN:
SF:/Users/gabigiladov/Final-Project/final project git-client/node_modules/angular2-template-loader/index.js!/Users/gabigiladov/Final-Project/final project git-client/node_modules/tslint-loader/index.js!/Users/gabigiladov/Final-Project/final project git-client/src/app/ChatBot/chatbot.component.ts
FN:16,(anonymous_3)
FN:31,ChatBotComponent
FN:23,(anonymous_5)
FN:28,(anonymous_6)
FN:34,(anonymous_7)
FN:37,(anonymous_8)
FN:45,(anonymous_9)
FNF:7
FNH:2
FNDA:1,(anonymous_3)
FNDA:1,ChatBotComponent
FNDA:0,(anonymous_5)
FNDA:0,(anonymous_6)
FNDA:0,(anonymous_7)
FNDA:0,(anonymous_8)
FNDA:0,(anonymous_9)
DA:1,1
DA:2,1
DA:6,1
DA:9,1
DA:16,1
DA:18,1
DA:19,1
DA:20,1
DA:23,1
DA:28,1
DA:31,1
DA:34,1
DA:35,0
DA:36,0
DA:37,0
DA:39,0
DA:45,1
DA:47,0
DA:48,0
DA:50,1
LF:20
LH:14
BRF:0
BRH:0
end_of_record
TN:
SF:/Users/gabigiladov/Final-Project/final project git-client/node_modules/angular2-template-loader/index.js!/Users/gabigiladov/Final-Project/final project git-client/node_modules/tslint-loader/index.js!/Users/gabigiladov/Final-Project/final project git-client/src/app/ChatBot/message.component.ts
FN:5,(anonymous_3)
FN:11,OneMessageInstance
FN:44,(anonymous_5)
FN:50,ChatMessageComponent
FN:53,(anonymous_7)
FNF:5
FNH:2
FNDA:1,(anonymous_3)
FNDA:0,OneMessageInstance
FNDA:1,(anonymous_5)
FNDA:0,ChatMessageComponent
FNDA:0,(anonymous_7)
DA:1,1
DA:5,1
DA:11,1
DA:13,0
DA:14,0
DA:15,0
DA:17,1
DA:20,1
DA:44,1
DA:47,1
DA:50,1
DA:53,1
DA:56,1
LF:13
LH:10
BRF:0
BRH:0
end_of_record
TN:
SF:/Users/gabigiladov/Final-Project/final project git-client/node_modules/angular2-template-loader/index.js!/Users/gabigiladov/Final-Project/final project git-client/node_modules/tslint-loader/index.js!/Users/gabigiladov/Final-Project/final project git-client/src/app/ChatBot/chatbot.component.service.ts
FN:18,(anonymous_3)
FN:22,chatBotService
FN:27,(anonymous_5)
FN:29,(anonymous_6)
FNF:4
FNH:2
FNDA:1,(anonymous_3)
FNDA:1,chatBotService
FNDA:0,(anonymous_5)
FNDA:0,(anonymous_6)
DA:2,1
DA:3,1
DA:4,1
DA:5,1
DA:8,1
DA:9,1
DA:10,1
DA:11,1
DA:12,1
DA:13,1
DA:17,1
DA:18,1
DA:19,1
DA:22,1
DA:24,1
DA:27,1
DA:28,0
DA:30,0
DA:35,1
LF:19
LH:17
BRF:0
BRH:0
end_of_record
